<?xml version="1.0" encoding="UTF-8"?>
<!-- Generated by org.testng.reporters.JUnitReportReporter -->
<testsuite hostname="SYMLPT03" failures="0" tests="2" name="Academy.Registration" time="106.429" errors="0" timestamp="2022-07-11T13:22:31 IST" skipped="0">
  <testcase classname="Academy.Registration" name="registerNewUser" time="34.386"/>
  <system-out/>
  <testcase classname="Academy.Registration" name="registerNewUser" time="72.043"/>
  <system-out/>
</testsuite> <!-- Academy.Registration -->
