<?xml version="1.0" encoding="UTF-8"?>
<!-- Generated by org.testng.reporters.JUnitReportReporter -->
<testsuite hostname="SYMLPT03" failures="0" tests="1" name="Academy.validateNavigationBar" time="0.340" errors="0" timestamp="2022-07-11T13:22:31 IST" skipped="0">
  <testcase classname="Academy.validateNavigationBar" name="validateNavigation" time="0.340"/>
  <system-out/>
</testsuite> <!-- Academy.validateNavigationBar -->
