<?xml version="1.0" encoding="UTF-8"?>
<!-- Generated by org.testng.reporters.JUnitReportReporter -->
<testsuite hostname="SYMLPT03" failures="0" tests="2" name="Academy.HomePage" time="79.650" errors="0" timestamp="2022-07-17T15:11:51 IST" skipped="0">
  <testcase classname="Academy.HomePage" name="basePageNavigation" time="50.980"/>
  <system-out/>
  <testcase classname="Academy.HomePage" name="basePageNavigation" time="28.670"/>
  <system-out/>
</testsuite> <!-- Academy.HomePage -->
