<?xml version="1.0" encoding="UTF-8"?>
<!-- Generated by org.testng.reporters.JUnitReportReporter -->
<testsuite hostname="SYMLPT03" failures="0" tests="2" name="Academy.Registration" time="95.611" errors="0" timestamp="2022-07-17T15:11:51 IST" skipped="0">
  <testcase classname="Academy.Registration" name="registerNewUser" time="28.480"/>
  <system-out/>
  <testcase classname="Academy.Registration" name="registerNewUser" time="67.131"/>
  <system-out/>
</testsuite> <!-- Academy.Registration -->
